# JRE version: OpenJDK Runtime Environment Temurin-21.0.10+7 (21.0.10+7) (build 21.0.10+7-LTS)
# Java VM: OpenJDK 64-Bit Server VM Temurin-21.0.10+7 (21.0.10+7-LTS, mixed mode, sharing, tiered, compressed oops, compressed class ptrs, parallel gc, windows-amd64)
GC Precious Log:
 CardTable entry size: 512
 CPUs: 16 total, 16 available
 Memory: 8010M
 Large Page Support: Disabled
 NUMA Support: Disabled
 Compressed Oops: Enabled (32-bit)
 Alignments: Space 512K, Generation 512K, Heap 2M
 Heap Min Capacity: 100M
 Heap Initial Capacity: 100M
 Heap Max Capacity: 2G
 Pre-touch: Disabled
 Parallel Workers: 13
Heap:
 PSYoungGen      total 17920K, used 6796K [0x00000000d5580000, 0x00000000d6800000, 0x0000000100000000)
  eden space 16896K, 36% used [0x00000000d5580000,0x00000000d5b75eb8,0x00000000d6600000)
  from space 1024K, 67% used [0x00000000d6600000,0x00000000d66ad1c0,0x00000000d6700000)
  to   space 1024K, 0% used [0x00000000d6700000,0x00000000d6700000,0x00000000d6800000)
 ParOldGen       total 68608K, used 41923K [0x0000000080000000, 0x0000000084300000, 0x00000000d5580000)
  object space 68608K, 61% used [0x0000000080000000,0x00000000828f0d68,0x0000000084300000)
 Metaspace       used 54281K, committed 55488K, reserved 1114112K
  class space    used 5775K, committed 6272K, reserved 1048576K
GC Heap History (20 events):
Event: 4.407 GC heap before
{Heap before GC invocations=26 (full 2):
 PSYoungGen      total 20992K, used 20546K [0x00000000d5580000, 0x00000000d6d00000, 0x0000000100000000)
  eden space 18944K, 100% used [0x00000000d5580000,0x00000000d6800000,0x00000000d6800000)
  from space 2048K, 78% used [0x00000000d6800000,0x00000000d6990a10,0x00000000d6a00000)
  to   space 2560K, 0% used [0x00000000d6a80000,0x00000000d6a80000,0x00000000d6d00000)
 ParOldGen       total 68608K, used 35029K [0x0000000080000000, 0x0000000084300000, 0x00000000d5580000)
  object space 68608K, 51% used [0x0000000080000000,0x0000000082235410,0x0000000084300000)
 Metaspace       used 42583K, committed 43776K, reserved 1114112K
  class space    used 4458K, committed 4992K, reserved 1048576K
}
Event: 4.409 GC heap after
{Heap after GC invocations=26 (full 2):
 PSYoungGen      total 19968K, used 664K [0x00000000d5580000, 0x00000000d6b80000, 0x0000000100000000)
  eden space 18944K, 0% used [0x00000000d5580000,0x00000000d5580000,0x00000000d6800000)
  from space 1024K, 64% used [0x00000000d6a80000,0x00000000d6b26038,0x00000000d6b80000)
  to   space 1536K, 0% used [0x00000000d6880000,0x00000000d6880000,0x00000000d6a00000)
 ParOldGen       total 68608K, used 36261K [0x0000000080000000, 0x0000000084300000, 0x00000000d5580000)
  object space 68608K, 52% used [0x0000000080000000,0x0000000082369448,0x0000000084300000)
 Metaspace       used 42583K, committed 43776K, reserved 1114112K
  class space    used 4458K, committed 4992K, reserved 1048576K
}
Event: 4.646 GC heap before
{Heap before GC invocations=27 (full 2):
 PSYoungGen      total 19968K, used 19608K [0x00000000d5580000, 0x00000000d6b80000, 0x0000000100000000)
  eden space 18944K, 100% used [0x00000000d5580000,0x00000000d6800000,0x00000000d6800000)
  from space 1024K, 64% used [0x00000000d6a80000,0x00000000d6b26038,0x00000000d6b80000)
  to   space 1536K, 0% used [0x00000000d6880000,0x00000000d6880000,0x00000000d6a00000)
 ParOldGen       total 68608K, used 36261K [0x0000000080000000, 0x0000000084300000, 0x00000000d5580000)
  object space 68608K, 52% used [0x0000000080000000,0x0000000082369448,0x0000000084300000)
 Metaspace       used 44560K, committed 45824K, reserved 1114112K
  class space    used 4691K, committed 5248K, reserved 1048576K
}
Event: 4.647 GC heap after
{Heap after GC invocations=27 (full 2):
 PSYoungGen      total 20480K, used 946K [0x00000000d5580000, 0x00000000d6b00000, 0x0000000100000000)
  eden space 18944K, 0% used [0x00000000d5580000,0x00000000d5580000,0x00000000d6800000)
  from space 1536K, 61% used [0x00000000d6880000,0x00000000d696cb70,0x00000000d6a00000)
  to   space 1024K, 0% used [0x00000000d6a00000,0x00000000d6a00000,0x00000000d6b00000)
 ParOldGen       total 68608K, used 36713K [0x0000000080000000, 0x0000000084300000, 0x00000000d5580000)
  object space 68608K, 53% used [0x0000000080000000,0x00000000823da6d8,0x0000000084300000)
 Metaspace       used 44560K, committed 45824K, reserved 1114112K
  class space    used 4691K, committed 5248K, reserved 1048576K
}
Event: 5.050 GC heap before
{Heap before GC invocations=28 (full 2):
 PSYoungGen      total 20480K, used 19890K [0x00000000d5580000, 0x00000000d6b00000, 0x0000000100000000)
  eden space 18944K, 100% used [0x00000000d5580000,0x00000000d6800000,0x00000000d6800000)
  from space 1536K, 61% used [0x00000000d6880000,0x00000000d696cb70,0x00000000d6a00000)
  to   space 1024K, 0% used [0x00000000d6a00000,0x00000000d6a00000,0x00000000d6b00000)
 ParOldGen       total 68608K, used 36713K [0x0000000080000000, 0x0000000084300000, 0x00000000d5580000)
  object space 68608K, 53% used [0x0000000080000000,0x00000000823da6d8,0x0000000084300000)
 Metaspace       used 46652K, committed 47936K, reserved 1114112K
  class space    used 4960K, committed 5504K, reserved 1048576K
}
Event: 5.052 GC heap after
{Heap after GC invocations=28 (full 2):
 PSYoungGen      total 19456K, used 1024K [0x00000000d5580000, 0x00000000d6d00000, 0x0000000100000000)
  eden space 18432K, 0% used [0x00000000d5580000,0x00000000d5580000,0x00000000d6780000)
  from space 1024K, 100% used [0x00000000d6a00000,0x00000000d6b00000,0x00000000d6b00000)
  to   space 2560K, 0% used [0x00000000d6780000,0x00000000d6780000,0x00000000d6a00000)
 ParOldGen       total 68608K, used 37603K [0x0000000080000000, 0x0000000084300000, 0x00000000d5580000)
  object space 68608K, 54% used [0x0000000080000000,0x00000000824b8fb0,0x0000000084300000)
 Metaspace       used 46652K, committed 47936K, reserved 1114112K
  class space    used 4960K, committed 5504K, reserved 1048576K
}
Event: 5.521 GC heap before
{Heap before GC invocations=29 (full 2):
 PSYoungGen      total 19456K, used 19456K [0x00000000d5580000, 0x00000000d6d00000, 0x0000000100000000)
  eden space 18432K, 100% used [0x00000000d5580000,0x00000000d6780000,0x00000000d6780000)
  from space 1024K, 100% used [0x00000000d6a00000,0x00000000d6b00000,0x00000000d6b00000)
  to   space 2560K, 0% used [0x00000000d6780000,0x00000000d6780000,0x00000000d6a00000)
 ParOldGen       total 68608K, used 37603K [0x0000000080000000, 0x0000000084300000, 0x00000000d5580000)
  object space 68608K, 54% used [0x0000000080000000,0x00000000824b8fb0,0x0000000084300000)
 Metaspace       used 48542K, committed 49728K, reserved 1114112K
  class space    used 5219K, committed 5760K, reserved 1048576K
}
Event: 5.524 GC heap after
{Heap after GC invocations=29 (full 2):
 PSYoungGen      total 19968K, used 1216K [0x00000000d5580000, 0x00000000d6a80000, 0x0000000100000000)
  eden space 18432K, 0% used [0x00000000d5580000,0x00000000d5580000,0x00000000d6780000)
  from space 1536K, 79% used [0x00000000d6780000,0x00000000d68b0000,0x00000000d6900000)
  to   space 1536K, 0% used [0x00000000d6900000,0x00000000d6900000,0x00000000d6a80000)
 ParOldGen       total 68608K, used 38515K [0x0000000080000000, 0x0000000084300000, 0x00000000d5580000)
  object space 68608K, 56% used [0x0000000080000000,0x000000008259ccd0,0x0000000084300000)
 Metaspace       used 48542K, committed 49728K, reserved 1114112K
  class space    used 5219K, committed 5760K, reserved 1048576K
}
Event: 6.385 GC heap before
{Heap before GC invocations=30 (full 2):
 PSYoungGen      total 19968K, used 19648K [0x00000000d5580000, 0x00000000d6a80000, 0x0000000100000000)
  eden space 18432K, 100% used [0x00000000d5580000,0x00000000d6780000,0x00000000d6780000)
  from space 1536K, 79% used [0x00000000d6780000,0x00000000d68b0000,0x00000000d6900000)
  to   space 1536K, 0% used [0x00000000d6900000,0x00000000d6900000,0x00000000d6a80000)
 ParOldGen       total 68608K, used 38515K [0x0000000080000000, 0x0000000084300000, 0x00000000d5580000)
  object space 68608K, 56% used [0x0000000080000000,0x000000008259ccd0,0x0000000084300000)
 Metaspace       used 49842K, committed 51072K, reserved 1114112K
  class space    used 5399K, committed 5952K, reserved 1048576K
}
Event: 6.387 GC heap after
{Heap after GC invocations=30 (full 2):
 PSYoungGen      total 19456K, used 640K [0x00000000d5580000, 0x00000000d6a00000, 0x0000000100000000)
  eden space 18432K, 0% used [0x00000000d5580000,0x00000000d5580000,0x00000000d6780000)
  from space 1024K, 62% used [0x00000000d6900000,0x00000000d69a0020,0x00000000d6a00000)
  to   space 1024K, 0% used [0x00000000d6800000,0x00000000d6800000,0x00000000d6900000)
 ParOldGen       total 68608K, used 39480K [0x0000000080000000, 0x0000000084300000, 0x00000000d5580000)
  object space 68608K, 57% used [0x0000000080000000,0x000000008268e380,0x0000000084300000)
 Metaspace       used 49842K, committed 51072K, reserved 1114112K
  class space    used 5399K, committed 5952K, reserved 1048576K
}
Event: 6.813 GC heap before
{Heap before GC invocations=31 (full 2):
 PSYoungGen      total 19456K, used 19072K [0x00000000d5580000, 0x00000000d6a00000, 0x0000000100000000)
  eden space 18432K, 99% used [0x00000000d5580000,0x00000000d677fff8,0x00000000d6780000)
  from space 1024K, 62% used [0x00000000d6900000,0x00000000d69a0020,0x00000000d6a00000)
  to   space 1024K, 0% used [0x00000000d6800000,0x00000000d6800000,0x00000000d6900000)
 ParOldGen       total 68608K, used 39480K [0x0000000080000000, 0x0000000084300000, 0x00000000d5580000)
  object space 68608K, 57% used [0x0000000080000000,0x000000008268e380,0x0000000084300000)
 Metaspace       used 50941K, committed 52160K, reserved 1114112K
  class space    used 5505K, committed 6016K, reserved 1048576K
}
Event: 6.815 GC heap after
{Heap after GC invocations=31 (full 2):
 PSYoungGen      total 18944K, used 512K [0x00000000d5580000, 0x00000000d6980000, 0x0000000100000000)
  eden space 18432K, 0% used [0x00000000d5580000,0x00000000d5580000,0x00000000d6780000)
  from space 512K, 100% used [0x00000000d6800000,0x00000000d6880000,0x00000000d6880000)
  to   space 1024K, 0% used [0x00000000d6880000,0x00000000d6880000,0x00000000d6980000)
 ParOldGen       total 68608K, used 39892K [0x0000000080000000, 0x0000000084300000, 0x00000000d5580000)
  object space 68608K, 58% used [0x0000000080000000,0x00000000826f5238,0x0000000084300000)
 Metaspace       used 50941K, committed 52160K, reserved 1114112K
  class space    used 5505K, committed 6016K, reserved 1048576K
}
Event: 6.928 GC heap before
{Heap before GC invocations=32 (full 2):
 PSYoungGen      total 18944K, used 18944K [0x00000000d5580000, 0x00000000d6980000, 0x0000000100000000)
  eden space 18432K, 100% used [0x00000000d5580000,0x00000000d6780000,0x00000000d6780000)
  from space 512K, 100% used [0x00000000d6800000,0x00000000d6880000,0x00000000d6880000)
  to   space 1024K, 0% used [0x00000000d6880000,0x00000000d6880000,0x00000000d6980000)
 ParOldGen       total 68608K, used 39892K [0x0000000080000000, 0x0000000084300000, 0x00000000d5580000)
  object space 68608K, 58% used [0x0000000080000000,0x00000000826f5238,0x0000000084300000)
 Metaspace       used 51206K, committed 52352K, reserved 1114112K
  class space    used 5521K, committed 6016K, reserved 1048576K
}
Event: 6.929 GC heap after
{Heap after GC invocations=32 (full 2):
 PSYoungGen      total 17920K, used 1010K [0x00000000d5580000, 0x00000000d6c80000, 0x0000000100000000)
  eden space 16896K, 0% used [0x00000000d5580000,0x00000000d5580000,0x00000000d6600000)
  from space 1024K, 98% used [0x00000000d6880000,0x00000000d697c8d0,0x00000000d6980000)
  to   space 2560K, 0% used [0x00000000d6600000,0x00000000d6600000,0x00000000d6880000)
 ParOldGen       total 68608K, used 40918K [0x0000000080000000, 0x0000000084300000, 0x00000000d5580000)
  object space 68608K, 59% used [0x0000000080000000,0x00000000827f5bf0,0x0000000084300000)
 Metaspace       used 51206K, committed 52352K, reserved 1114112K
  class space    used 5521K, committed 6016K, reserved 1048576K
}
Event: 6.981 GC heap before
{Heap before GC invocations=33 (full 2):
 PSYoungGen      total 17920K, used 17906K [0x00000000d5580000, 0x00000000d6c80000, 0x0000000100000000)
  eden space 16896K, 100% used [0x00000000d5580000,0x00000000d6600000,0x00000000d6600000)
  from space 1024K, 98% used [0x00000000d6880000,0x00000000d697c8d0,0x00000000d6980000)
  to   space 2560K, 0% used [0x00000000d6600000,0x00000000d6600000,0x00000000d6880000)
 ParOldGen       total 68608K, used 40918K [0x0000000080000000, 0x0000000084300000, 0x00000000d5580000)
  object space 68608K, 59% used [0x0000000080000000,0x00000000827f5bf0,0x0000000084300000)
 Metaspace       used 51213K, committed 52352K, reserved 1114112K
  class space    used 5521K, committed 6016K, reserved 1048576K
}
Event: 6.982 GC heap after
{Heap after GC invocations=33 (full 2):
 PSYoungGen      total 17920K, used 695K [0x00000000d5580000, 0x00000000d6900000, 0x0000000100000000)
  eden space 16896K, 0% used [0x00000000d5580000,0x00000000d5580000,0x00000000d6600000)
  from space 1024K, 67% used [0x00000000d6600000,0x00000000d66adc60,0x00000000d6700000)
  to   space 1536K, 0% used [0x00000000d6780000,0x00000000d6780000,0x00000000d6900000)
 ParOldGen       total 68608K, used 41683K [0x0000000080000000, 0x0000000084300000, 0x00000000d5580000)
  object space 68608K, 60% used [0x0000000080000000,0x00000000828b4d68,0x0000000084300000)
 Metaspace       used 51213K, committed 52352K, reserved 1114112K
  class space    used 5521K, committed 6016K, reserved 1048576K
}
Event: 11.119 GC heap before
{Heap before GC invocations=34 (full 2):
 PSYoungGen      total 17920K, used 17591K [0x00000000d5580000, 0x00000000d6900000, 0x0000000100000000)
  eden space 16896K, 100% used [0x00000000d5580000,0x00000000d6600000,0x00000000d6600000)
  from space 1024K, 67% used [0x00000000d6600000,0x00000000d66adc60,0x00000000d6700000)
  to   space 1536K, 0% used [0x00000000d6780000,0x00000000d6780000,0x00000000d6900000)
 ParOldGen       total 68608K, used 41683K [0x0000000080000000, 0x0000000084300000, 0x00000000d5580000)
  object space 68608K, 60% used [0x0000000080000000,0x00000000828b4d68,0x0000000084300000)
 Metaspace       used 53026K, committed 54208K, reserved 1114112K
  class space    used 5657K, committed 6144K, reserved 1048576K
}
Event: 11.119 GC heap after
{Heap after GC invocations=34 (full 2):
 PSYoungGen      total 17408K, used 448K [0x00000000d5580000, 0x00000000d6800000, 0x0000000100000000)
  eden space 16896K, 0% used [0x00000000d5580000,0x00000000d5580000,0x00000000d6600000)
  from space 512K, 87% used [0x00000000d6780000,0x00000000d67f0000,0x00000000d6800000)
  to   space 1024K, 0% used [0x00000000d6600000,0x00000000d6600000,0x00000000d6700000)
 ParOldGen       total 68608K, used 41739K [0x0000000080000000, 0x0000000084300000, 0x00000000d5580000)
  object space 68608K, 60% used [0x0000000080000000,0x00000000828c2d68,0x0000000084300000)
 Metaspace       used 53026K, committed 54208K, reserved 1114112K
  class space    used 5657K, committed 6144K, reserved 1048576K
}
Event: 16.407 GC heap before
{Heap before GC invocations=35 (full 2):
 PSYoungGen      total 17408K, used 17275K [0x00000000d5580000, 0x00000000d6800000, 0x0000000100000000)
  eden space 16896K, 99% used [0x00000000d5580000,0x00000000d65eefd0,0x00000000d6600000)
  from space 512K, 87% used [0x00000000d6780000,0x00000000d67f0000,0x00000000d6800000)
  to   space 1024K, 0% used [0x00000000d6600000,0x00000000d6600000,0x00000000d6700000)
 ParOldGen       total 68608K, used 41739K [0x0000000080000000, 0x0000000084300000, 0x00000000d5580000)
  object space 68608K, 60% used [0x0000000080000000,0x00000000828c2d68,0x0000000084300000)
 Metaspace       used 53492K, committed 54720K, reserved 1114112K
  class space    used 5687K, committed 6208K, reserved 1048576K
}
Event: 16.408 GC heap after
{Heap after GC invocations=35 (full 2):
 PSYoungGen      total 17920K, used 692K [0x00000000d5580000, 0x00000000d6800000, 0x0000000100000000)
  eden space 16896K, 0% used [0x00000000d5580000,0x00000000d5580000,0x00000000d6600000)
  from space 1024K, 67% used [0x00000000d6600000,0x00000000d66ad1c0,0x00000000d6700000)
  to   space 1024K, 0% used [0x00000000d6700000,0x00000000d6700000,0x00000000d6800000)
 ParOldGen       total 68608K, used 41923K [0x0000000080000000, 0x0000000084300000, 0x00000000d5580000)
  object space 68608K, 61% used [0x0000000080000000,0x00000000828f0d68,0x0000000084300000)
 Metaspace       used 53492K, committed 54720K, reserved 1114112K
  class space    used 5687K, committed 6208K, reserved 1048576K
}

