# JRE version: OpenJDK Runtime Environment Temurin-21.0.10+7 (21.0.10+7) (build 21.0.10+7-LTS)
# Java VM: OpenJDK 64-Bit Server VM Temurin-21.0.10+7 (21.0.10+7-LTS, mixed mode, sharing, tiered, compressed oops, compressed class ptrs, parallel gc, windows-amd64)
GC Precious Log:
 CardTable entry size: 512
 CPUs: 16 total, 16 available
 Memory: 8010M
 Large Page Support: Disabled
 NUMA Support: Disabled
 Compressed Oops: Enabled (32-bit)
 Alignments: Space 512K, Generation 512K, Heap 2M
 Heap Min Capacity: 100M
 Heap Initial Capacity: 100M
 Heap Max Capacity: 2G
 Pre-touch: Disabled
 Parallel Workers: 13
Heap:
 PSYoungGen      total 2560K, used 696K [0x00000000d5580000, 0x00000000d5980000, 0x0000000100000000)
  eden space 2048K, 19% used [0x00000000d5580000,0x00000000d55e6388,0x00000000d5780000)
  from space 512K, 56% used [0x00000000d5880000,0x00000000d58c8000,0x00000000d5900000)
  to   space 512K, 0% used [0x00000000d5900000,0x00000000d5900000,0x00000000d5980000)
 ParOldGen       total 1204224K, used 1204028K [0x0000000080000000, 0x00000000c9800000, 0x00000000d5580000)
  object space 1204224K, 99% used [0x0000000080000000,0x00000000c97cf128,0x00000000c9800000)
 Metaspace       used 97054K, committed 98752K, reserved 1179648K
  class space    used 9382K, committed 10176K, reserved 1048576K
GC Heap History (20 events):
Event: 8779.021 GC heap before
{Heap before GC invocations=11626 (full 10):
 PSYoungGen      total 2560K, used 2208K [0x00000000d5580000, 0x00000000d5980000, 0x0000000100000000)
  eden space 1536K, 100% used [0x00000000d5580000,0x00000000d5700000,0x00000000d5700000)
  from space 1024K, 65% used [0x00000000d5700000,0x00000000d57a8020,0x00000000d5800000)
  to   space 1024K, 0% used [0x00000000d5880000,0x00000000d5880000,0x00000000d5980000)
 ParOldGen       total 1202176K, used 1202045K [0x0000000080000000, 0x00000000c9600000, 0x00000000d5580000)
  object space 1202176K, 99% used [0x0000000080000000,0x00000000c95df508,0x00000000c9600000)
 Metaspace       used 97028K, committed 98752K, reserved 1179648K
  class space    used 9382K, committed 10176K, reserved 1048576K
}
Event: 8779.025 GC heap after
{Heap after GC invocations=11626 (full 10):
 PSYoungGen      total 3072K, used 672K [0x00000000d5580000, 0x00000000d5980000, 0x0000000100000000)
  eden space 2048K, 0% used [0x00000000d5580000,0x00000000d5580000,0x00000000d5780000)
  from space 1024K, 65% used [0x00000000d5880000,0x00000000d5928020,0x00000000d5980000)
  to   space 1024K, 0% used [0x00000000d5780000,0x00000000d5780000,0x00000000d5880000)
 ParOldGen       total 1202688K, used 1202445K [0x0000000080000000, 0x00000000c9680000, 0x00000000d5580000)
  object space 1202688K, 99% used [0x0000000080000000,0x00000000c9643538,0x00000000c9680000)
 Metaspace       used 97028K, committed 98752K, reserved 1179648K
  class space    used 9382K, committed 10176K, reserved 1048576K
}
Event: 8779.112 GC heap before
{Heap before GC invocations=11627 (full 10):
 PSYoungGen      total 3072K, used 2720K [0x00000000d5580000, 0x00000000d5980000, 0x0000000100000000)
  eden space 2048K, 99% used [0x00000000d5580000,0x00000000d577fff8,0x00000000d5780000)
  from space 1024K, 65% used [0x00000000d5880000,0x00000000d5928020,0x00000000d5980000)
  to   space 1024K, 0% used [0x00000000d5780000,0x00000000d5780000,0x00000000d5880000)
 ParOldGen       total 1202688K, used 1202445K [0x0000000080000000, 0x00000000c9680000, 0x00000000d5580000)
  object space 1202688K, 99% used [0x0000000080000000,0x00000000c9643538,0x00000000c9680000)
 Metaspace       used 97028K, committed 98752K, reserved 1179648K
  class space    used 9382K, committed 10176K, reserved 1048576K
}
Event: 8779.114 GC heap after
{Heap after GC invocations=11627 (full 10):
 PSYoungGen      total 3072K, used 688K [0x00000000d5580000, 0x00000000d5a00000, 0x0000000100000000)
  eden space 2048K, 0% used [0x00000000d5580000,0x00000000d5580000,0x00000000d5780000)
  from space 1024K, 67% used [0x00000000d5780000,0x00000000d582c010,0x00000000d5880000)
  to   space 1024K, 0% used [0x00000000d5900000,0x00000000d5900000,0x00000000d5a00000)
 ParOldGen       total 1203200K, used 1202890K [0x0000000080000000, 0x00000000c9700000, 0x00000000d5580000)
  object space 1203200K, 99% used [0x0000000080000000,0x00000000c96b29e8,0x00000000c9700000)
 Metaspace       used 97028K, committed 98752K, reserved 1179648K
  class space    used 9382K, committed 10176K, reserved 1048576K
}
Event: 8779.409 GC heap before
{Heap before GC invocations=11628 (full 10):
 PSYoungGen      total 3072K, used 2736K [0x00000000d5580000, 0x00000000d5a00000, 0x0000000100000000)
  eden space 2048K, 100% used [0x00000000d5580000,0x00000000d5780000,0x00000000d5780000)
  from space 1024K, 67% used [0x00000000d5780000,0x00000000d582c010,0x00000000d5880000)
  to   space 1024K, 0% used [0x00000000d5900000,0x00000000d5900000,0x00000000d5a00000)
 ParOldGen       total 1203200K, used 1202890K [0x0000000080000000, 0x00000000c9700000, 0x00000000d5580000)
  object space 1203200K, 99% used [0x0000000080000000,0x00000000c96b29e8,0x00000000c9700000)
 Metaspace       used 97028K, committed 98752K, reserved 1179648K
  class space    used 9382K, committed 10176K, reserved 1048576K
}
Event: 8779.411 GC heap after
{Heap after GC invocations=11628 (full 10):
 PSYoungGen      total 3072K, used 640K [0x00000000d5580000, 0x00000000d5a00000, 0x0000000100000000)
  eden space 2048K, 0% used [0x00000000d5580000,0x00000000d5580000,0x00000000d5780000)
  from space 1024K, 62% used [0x00000000d5900000,0x00000000d59a0000,0x00000000d5a00000)
  to   space 1024K, 0% used [0x00000000d5780000,0x00000000d5780000,0x00000000d5880000)
 ParOldGen       total 1203712K, used 1203388K [0x0000000080000000, 0x00000000c9780000, 0x00000000d5580000)
  object space 1203712K, 99% used [0x0000000080000000,0x00000000c972f108,0x00000000c9780000)
 Metaspace       used 97028K, committed 98752K, reserved 1179648K
  class space    used 9382K, committed 10176K, reserved 1048576K
}
Event: 8779.414 GC heap before
{Heap before GC invocations=11629 (full 10):
 PSYoungGen      total 3072K, used 2688K [0x00000000d5580000, 0x00000000d5a00000, 0x0000000100000000)
  eden space 2048K, 100% used [0x00000000d5580000,0x00000000d5780000,0x00000000d5780000)
  from space 1024K, 62% used [0x00000000d5900000,0x00000000d59a0000,0x00000000d5a00000)
  to   space 1024K, 0% used [0x00000000d5780000,0x00000000d5780000,0x00000000d5880000)
 ParOldGen       total 1203712K, used 1203388K [0x0000000080000000, 0x00000000c9780000, 0x00000000d5580000)
  object space 1203712K, 99% used [0x0000000080000000,0x00000000c972f108,0x00000000c9780000)
 Metaspace       used 97028K, committed 98752K, reserved 1179648K
  class space    used 9382K, committed 10176K, reserved 1048576K
}
Event: 8779.417 GC heap after
{Heap after GC invocations=11629 (full 10):
 PSYoungGen      total 3072K, used 560K [0x00000000d5580000, 0x00000000d5a00000, 0x0000000100000000)
  eden space 2048K, 0% used [0x00000000d5580000,0x00000000d5580000,0x00000000d5780000)
  from space 1024K, 54% used [0x00000000d5780000,0x00000000d580c010,0x00000000d5880000)
  to   space 1024K, 0% used [0x00000000d5900000,0x00000000d5900000,0x00000000d5a00000)
 ParOldGen       total 1203712K, used 1203660K [0x0000000080000000, 0x00000000c9780000, 0x00000000d5580000)
  object space 1203712K, 99% used [0x0000000080000000,0x00000000c9773108,0x00000000c9780000)
 Metaspace       used 97028K, committed 98752K, reserved 1179648K
  class space    used 9382K, committed 10176K, reserved 1048576K
}
Event: 8779.487 GC heap before
{Heap before GC invocations=11630 (full 10):
 PSYoungGen      total 3072K, used 2608K [0x00000000d5580000, 0x00000000d5a00000, 0x0000000100000000)
  eden space 2048K, 99% used [0x00000000d5580000,0x00000000d577fff8,0x00000000d5780000)
  from space 1024K, 54% used [0x00000000d5780000,0x00000000d580c010,0x00000000d5880000)
  to   space 1024K, 0% used [0x00000000d5900000,0x00000000d5900000,0x00000000d5a00000)
 ParOldGen       total 1203712K, used 1203660K [0x0000000080000000, 0x00000000c9780000, 0x00000000d5580000)
  object space 1203712K, 99% used [0x0000000080000000,0x00000000c9773108,0x00000000c9780000)
 Metaspace       used 97029K, committed 98752K, reserved 1179648K
  class space    used 9382K, committed 10176K, reserved 1048576K
}
Event: 8779.489 GC heap after
{Heap after GC invocations=11630 (full 10):
 PSYoungGen      total 3072K, used 608K [0x00000000d5580000, 0x00000000d5a00000, 0x0000000100000000)
  eden space 2048K, 0% used [0x00000000d5580000,0x00000000d5580000,0x00000000d5780000)
  from space 1024K, 59% used [0x00000000d5900000,0x00000000d5998020,0x00000000d5a00000)
  to   space 1024K, 0% used [0x00000000d5780000,0x00000000d5780000,0x00000000d5880000)
 ParOldGen       total 1203712K, used 1203668K [0x0000000080000000, 0x00000000c9780000, 0x00000000d5580000)
  object space 1203712K, 99% used [0x0000000080000000,0x00000000c9775108,0x00000000c9780000)
 Metaspace       used 97029K, committed 98752K, reserved 1179648K
  class space    used 9382K, committed 10176K, reserved 1048576K
}
Event: 8780.178 GC heap before
{Heap before GC invocations=11631 (full 10):
 PSYoungGen      total 3072K, used 2656K [0x00000000d5580000, 0x00000000d5a00000, 0x0000000100000000)
  eden space 2048K, 100% used [0x00000000d5580000,0x00000000d5780000,0x00000000d5780000)
  from space 1024K, 59% used [0x00000000d5900000,0x00000000d5998020,0x00000000d5a00000)
  to   space 1024K, 0% used [0x00000000d5780000,0x00000000d5780000,0x00000000d5880000)
 ParOldGen       total 1203712K, used 1203668K [0x0000000080000000, 0x00000000c9780000, 0x00000000d5580000)
  object space 1203712K, 99% used [0x0000000080000000,0x00000000c9775108,0x00000000c9780000)
 Metaspace       used 97049K, committed 98752K, reserved 1179648K
  class space    used 9382K, committed 10176K, reserved 1048576K
}
Event: 8780.179 GC heap after
{Heap after GC invocations=11631 (full 10):
 PSYoungGen      total 3072K, used 416K [0x00000000d5580000, 0x00000000d5980000, 0x0000000100000000)
  eden space 2048K, 0% used [0x00000000d5580000,0x00000000d5580000,0x00000000d5780000)
  from space 1024K, 40% used [0x00000000d5780000,0x00000000d57e8000,0x00000000d5880000)
  to   space 512K, 0% used [0x00000000d5900000,0x00000000d5900000,0x00000000d5980000)
 ParOldGen       total 1204224K, used 1203796K [0x0000000080000000, 0x00000000c9800000, 0x00000000d5580000)
  object space 1204224K, 99% used [0x0000000080000000,0x00000000c9795128,0x00000000c9800000)
 Metaspace       used 97049K, committed 98752K, reserved 1179648K
  class space    used 9382K, committed 10176K, reserved 1048576K
}
Event: 8780.499 GC heap before
{Heap before GC invocations=11632 (full 10):
 PSYoungGen      total 3072K, used 2464K [0x00000000d5580000, 0x00000000d5980000, 0x0000000100000000)
  eden space 2048K, 100% used [0x00000000d5580000,0x00000000d5780000,0x00000000d5780000)
  from space 1024K, 40% used [0x00000000d5780000,0x00000000d57e8000,0x00000000d5880000)
  to   space 512K, 0% used [0x00000000d5900000,0x00000000d5900000,0x00000000d5980000)
 ParOldGen       total 1204224K, used 1203796K [0x0000000080000000, 0x00000000c9800000, 0x00000000d5580000)
  object space 1204224K, 99% used [0x0000000080000000,0x00000000c9795128,0x00000000c9800000)
 Metaspace       used 97052K, committed 98752K, reserved 1179648K
  class space    used 9382K, committed 10176K, reserved 1048576K
}
Event: 8780.501 GC heap after
{Heap after GC invocations=11632 (full 10):
 PSYoungGen      total 2560K, used 416K [0x00000000d5580000, 0x00000000d5980000, 0x0000000100000000)
  eden space 2048K, 0% used [0x00000000d5580000,0x00000000d5580000,0x00000000d5780000)
  from space 512K, 81% used [0x00000000d5900000,0x00000000d5968000,0x00000000d5980000)
  to   space 512K, 0% used [0x00000000d5880000,0x00000000d5880000,0x00000000d5900000)
 ParOldGen       total 1204224K, used 1203876K [0x0000000080000000, 0x00000000c9800000, 0x00000000d5580000)
  object space 1204224K, 99% used [0x0000000080000000,0x00000000c97a9128,0x00000000c9800000)
 Metaspace       used 97052K, committed 98752K, reserved 1179648K
  class space    used 9382K, committed 10176K, reserved 1048576K
}
Event: 8780.503 GC heap before
{Heap before GC invocations=11633 (full 10):
 PSYoungGen      total 2560K, used 2464K [0x00000000d5580000, 0x00000000d5980000, 0x0000000100000000)
  eden space 2048K, 100% used [0x00000000d5580000,0x00000000d5780000,0x00000000d5780000)
  from space 512K, 81% used [0x00000000d5900000,0x00000000d5968000,0x00000000d5980000)
  to   space 512K, 0% used [0x00000000d5880000,0x00000000d5880000,0x00000000d5900000)
 ParOldGen       total 1204224K, used 1203876K [0x0000000080000000, 0x00000000c9800000, 0x00000000d5580000)
  object space 1204224K, 99% used [0x0000000080000000,0x00000000c97a9128,0x00000000c9800000)
 Metaspace       used 97052K, committed 98752K, reserved 1179648K
  class space    used 9382K, committed 10176K, reserved 1048576K
}
Event: 8780.504 GC heap after
{Heap after GC invocations=11633 (full 10):
 PSYoungGen      total 2560K, used 464K [0x00000000d5580000, 0x00000000d5980000, 0x0000000100000000)
  eden space 2048K, 0% used [0x00000000d5580000,0x00000000d5580000,0x00000000d5780000)
  from space 512K, 90% used [0x00000000d5880000,0x00000000d58f4010,0x00000000d5900000)
  to   space 512K, 0% used [0x00000000d5900000,0x00000000d5900000,0x00000000d5980000)
 ParOldGen       total 1204224K, used 1203988K [0x0000000080000000, 0x00000000c9800000, 0x00000000d5580000)
  object space 1204224K, 99% used [0x0000000080000000,0x00000000c97c5128,0x00000000c9800000)
 Metaspace       used 97052K, committed 98752K, reserved 1179648K
  class space    used 9382K, committed 10176K, reserved 1048576K
}
Event: 8780.733 GC heap before
{Heap before GC invocations=11634 (full 10):
 PSYoungGen      total 2560K, used 2512K [0x00000000d5580000, 0x00000000d5980000, 0x0000000100000000)
  eden space 2048K, 100% used [0x00000000d5580000,0x00000000d5780000,0x00000000d5780000)
  from space 512K, 90% used [0x00000000d5880000,0x00000000d58f4010,0x00000000d5900000)
  to   space 512K, 0% used [0x00000000d5900000,0x00000000d5900000,0x00000000d5980000)
 ParOldGen       total 1204224K, used 1203988K [0x0000000080000000, 0x00000000c9800000, 0x00000000d5580000)
  object space 1204224K, 99% used [0x0000000080000000,0x00000000c97c5128,0x00000000c9800000)
 Metaspace       used 97052K, committed 98752K, reserved 1179648K
  class space    used 9382K, committed 10176K, reserved 1048576K
}
Event: 8780.735 GC heap after
{Heap after GC invocations=11634 (full 10):
 PSYoungGen      total 2560K, used 400K [0x00000000d5580000, 0x00000000d5980000, 0x0000000100000000)
  eden space 2048K, 0% used [0x00000000d5580000,0x00000000d5580000,0x00000000d5780000)
  from space 512K, 78% used [0x00000000d5900000,0x00000000d5964010,0x00000000d5980000)
  to   space 512K, 0% used [0x00000000d5880000,0x00000000d5880000,0x00000000d5900000)
 ParOldGen       total 1204224K, used 1204004K [0x0000000080000000, 0x00000000c9800000, 0x00000000d5580000)
  object space 1204224K, 99% used [0x0000000080000000,0x00000000c97c9128,0x00000000c9800000)
 Metaspace       used 97052K, committed 98752K, reserved 1179648K
  class space    used 9382K, committed 10176K, reserved 1048576K
}
Event: 15007.216 GC heap before
{Heap before GC invocations=11635 (full 10):
 PSYoungGen      total 2560K, used 2448K [0x00000000d5580000, 0x00000000d5980000, 0x0000000100000000)
  eden space 2048K, 100% used [0x00000000d5580000,0x00000000d5780000,0x00000000d5780000)
  from space 512K, 78% used [0x00000000d5900000,0x00000000d5964010,0x00000000d5980000)
  to   space 512K, 0% used [0x00000000d5880000,0x00000000d5880000,0x00000000d5900000)
 ParOldGen       total 1204224K, used 1204004K [0x0000000080000000, 0x00000000c9800000, 0x00000000d5580000)
  object space 1204224K, 99% used [0x0000000080000000,0x00000000c97c9128,0x00000000c9800000)
 Metaspace       used 97054K, committed 98752K, reserved 1179648K
  class space    used 9382K, committed 10176K, reserved 1048576K
}
Event: 15007.343 GC heap after
{Heap after GC invocations=11635 (full 10):
 PSYoungGen      total 2560K, used 288K [0x00000000d5580000, 0x00000000d5980000, 0x0000000100000000)
  eden space 2048K, 0% used [0x00000000d5580000,0x00000000d5580000,0x00000000d5780000)
  from space 512K, 56% used [0x00000000d5880000,0x00000000d58c8000,0x00000000d5900000)
  to   space 512K, 0% used [0x00000000d5900000,0x00000000d5900000,0x00000000d5980000)
 ParOldGen       total 1204224K, used 1204028K [0x0000000080000000, 0x00000000c9800000, 0x00000000d5580000)
  object space 1204224K, 99% used [0x0000000080000000,0x00000000c97cf128,0x00000000c9800000)
 Metaspace       used 97054K, committed 98752K, reserved 1179648K
  class space    used 9382K, committed 10176K, reserved 1048576K
}

